<?xml version="1.0" encoding="UTF-8"?>
<coverage generated="1670917607993" clover="3.2.0">
  <project timestamp="1670917607993" name="All files">
    <metrics statements="28" coveredstatements="28" conditionals="37" coveredconditionals="37" methods="1" coveredmethods="1" elements="66" coveredelements="66" complexity="0" loc="28" ncloc="28" packages="1" files="1" classes="1"/>
    <file name="additionCalculator.js" path="/Users/tahahammouz/Desktop/addition-calculator-jest-project/additionCalculator.js">
      <metrics statements="28" coveredstatements="28" conditionals="37" coveredconditionals="37" methods="1" coveredmethods="1"/>
      <line num="2" count="12" type="stmt"/>
      <line num="3" count="12" type="stmt"/>
      <line num="5" count="12" type="stmt"/>
      <line num="6" count="12" type="cond" truecount="3" falsecount="0"/>
      <line num="8" count="4" type="stmt"/>
      <line num="9" count="4" type="cond" truecount="4" falsecount="0"/>
      <line num="10" count="3" type="cond" truecount="2" falsecount="0"/>
      <line num="11" count="1" type="stmt"/>
      <line num="13" count="2" type="cond" truecount="4" falsecount="0"/>
      <line num="14" count="1" type="stmt"/>
      <line num="16" count="1" type="stmt"/>
      <line num="20" count="7" type="stmt"/>
      <line num="21" count="7" type="stmt"/>
      <line num="22" count="7" type="cond" truecount="4" falsecount="0"/>
      <line num="23" count="4" type="cond" truecount="4" falsecount="0"/>
      <line num="24" count="1" type="stmt"/>
      <line num="26" count="3" type="cond" truecount="4" falsecount="0"/>
      <line num="27" count="1" type="stmt"/>
      <line num="29" count="2" type="cond" truecount="4" falsecount="0"/>
      <line num="30" count="1" type="stmt"/>
      <line num="32" count="1" type="stmt"/>
      <line num="33" count="3" type="cond" truecount="4" falsecount="0"/>
      <line num="34" count="1" type="stmt"/>
      <line num="37" count="2" type="cond" truecount="4" falsecount="0"/>
      <line num="38" count="1" type="stmt"/>
      <line num="40" count="1" type="stmt"/>
      <line num="43" count="1" type="stmt"/>
      <line num="46" count="1" type="stmt"/>
    </file>
  </project>
</coverage>
