{"/Users/tahahammouz/Desktop/addition-calculator-jest-project/additionCalculator.js": {"path":"/Users/tahahammouz/Desktop/addition-calculator-jest-project/additionCalculator.js","statementMap":{"0":{"start":{"line":2,"column":12},"end":{"line":2,"column":25}},"1":{"start":{"line":3,"column":18},"end":{"line":3,"column":28}},"2":{"start":{"line":5,"column":2},"end":{"line":5,"column":45}},"3":{"start":{"line":6,"column":2},"end":{"line":44,"column":3}},"4":{"start":{"line":8,"column":17},"end":{"line":8,"column":33}},"5":{"start":{"line":9,"column":6},"end":{"line":9,"column":50}},"6":{"start":{"line":9,"column":39},"end":{"line":9,"column":50}},"7":{"start":{"line":10,"column":6},"end":{"line":12,"column":7}},"8":{"start":{"line":11,"column":8},"end":{"line":11,"column":70}},"9":{"start":{"line":13,"column":6},"end":{"line":17,"column":7}},"10":{"start":{"line":14,"column":8},"end":{"line":14,"column":20}},"11":{"start":{"line":16,"column":8},"end":{"line":16,"column":19}},"12":{"start":{"line":20,"column":21},"end":{"line":20,"column":37}},"13":{"start":{"line":21,"column":22},"end":{"line":21,"column":38}},"14":{"start":{"line":22,"column":6},"end":{"line":39,"column":7}},"15":{"start":{"line":23,"column":8},"end":{"line":25,"column":9}},"16":{"start":{"line":24,"column":10},"end":{"line":24,"column":35}},"17":{"start":{"line":26,"column":8},"end":{"line":28,"column":9}},"18":{"start":{"line":27,"column":10},"end":{"line":27,"column":34}},"19":{"start":{"line":29,"column":8},"end":{"line":31,"column":9}},"20":{"start":{"line":30,"column":10},"end":{"line":30,"column":21}},"21":{"start":{"line":32,"column":8},"end":{"line":32,"column":36}},"22":{"start":{"line":33,"column":13},"end":{"line":39,"column":7}},"23":{"start":{"line":34,"column":8},"end":{"line":36,"column":10}},"24":{"start":{"line":37,"column":11},"end":{"line":39,"column":7}},"25":{"start":{"line":38,"column":8},"end":{"line":38,"column":74}},"26":{"start":{"line":40,"column":8},"end":{"line":40,"column":75}},"27":{"start":{"line":43,"column":6},"end":{"line":43,"column":71}},"28":{"start":{"line":46,"column":0},"end":{"line":46,"column":36}}},"fnMap":{"0":{"name":"additionCalculator","decl":{"start":{"line":1,"column":9},"end":{"line":1,"column":27}},"loc":{"start":{"line":1,"column":46},"end":{"line":45,"column":1}},"line":1}},"branchMap":{"0":{"loc":{"start":{"line":6,"column":2},"end":{"line":44,"column":3}},"type":"switch","locations":[{"start":{"line":7,"column":4},"end":{"line":17,"column":7}},{"start":{"line":19,"column":4},"end":{"line":40,"column":75}},{"start":{"line":42,"column":4},"end":{"line":43,"column":71}}],"line":6},"1":{"loc":{"start":{"line":9,"column":6},"end":{"line":9,"column":50}},"type":"if","locations":[{"start":{"line":9,"column":6},"end":{"line":9,"column":50}},{"start":{},"end":{}}],"line":9},"2":{"loc":{"start":{"line":9,"column":10},"end":{"line":9,"column":37}},"type":"binary-expr","locations":[{"start":{"line":9,"column":10},"end":{"line":9,"column":22}},{"start":{"line":9,"column":26},"end":{"line":9,"column":37}}],"line":9},"3":{"loc":{"start":{"line":10,"column":6},"end":{"line":12,"column":7}},"type":"if","locations":[{"start":{"line":10,"column":6},"end":{"line":12,"column":7}},{"start":{},"end":{}}],"line":10},"4":{"loc":{"start":{"line":13,"column":6},"end":{"line":17,"column":7}},"type":"if","locations":[{"start":{"line":13,"column":6},"end":{"line":17,"column":7}},{"start":{"line":15,"column":13},"end":{"line":17,"column":7}}],"line":13},"5":{"loc":{"start":{"line":13,"column":10},"end":{"line":13,"column":34}},"type":"binary-expr","locations":[{"start":{"line":13,"column":10},"end":{"line":13,"column":19}},{"start":{"line":13,"column":23},"end":{"line":13,"column":34}}],"line":13},"6":{"loc":{"start":{"line":22,"column":6},"end":{"line":39,"column":7}},"type":"if","locations":[{"start":{"line":22,"column":6},"end":{"line":39,"column":7}},{"start":{"line":33,"column":13},"end":{"line":39,"column":7}}],"line":22},"7":{"loc":{"start":{"line":22,"column":10},"end":{"line":22,"column":41}},"type":"binary-expr","locations":[{"start":{"line":22,"column":10},"end":{"line":22,"column":23}},{"start":{"line":22,"column":27},"end":{"line":22,"column":41}}],"line":22},"8":{"loc":{"start":{"line":23,"column":8},"end":{"line":25,"column":9}},"type":"if","locations":[{"start":{"line":23,"column":8},"end":{"line":25,"column":9}},{"start":{},"end":{}}],"line":23},"9":{"loc":{"start":{"line":23,"column":12},"end":{"line":23,"column":47}},"type":"binary-expr","locations":[{"start":{"line":23,"column":12},"end":{"line":23,"column":27}},{"start":{"line":23,"column":31},"end":{"line":23,"column":47}}],"line":23},"10":{"loc":{"start":{"line":26,"column":8},"end":{"line":28,"column":9}},"type":"if","locations":[{"start":{"line":26,"column":8},"end":{"line":28,"column":9}},{"start":{},"end":{}}],"line":26},"11":{"loc":{"start":{"line":26,"column":12},"end":{"line":26,"column":47}},"type":"binary-expr","locations":[{"start":{"line":26,"column":12},"end":{"line":26,"column":28}},{"start":{"line":26,"column":32},"end":{"line":26,"column":47}}],"line":26},"12":{"loc":{"start":{"line":29,"column":8},"end":{"line":31,"column":9}},"type":"if","locations":[{"start":{"line":29,"column":8},"end":{"line":31,"column":9}},{"start":{},"end":{}}],"line":29},"13":{"loc":{"start":{"line":29,"column":12},"end":{"line":29,"column":40}},"type":"binary-expr","locations":[{"start":{"line":29,"column":12},"end":{"line":29,"column":20}},{"start":{"line":29,"column":24},"end":{"line":29,"column":40}}],"line":29},"14":{"loc":{"start":{"line":33,"column":13},"end":{"line":39,"column":7}},"type":"if","locations":[{"start":{"line":33,"column":13},"end":{"line":39,"column":7}},{"start":{"line":37,"column":11},"end":{"line":39,"column":7}}],"line":33},"15":{"loc":{"start":{"line":33,"column":17},"end":{"line":33,"column":46}},"type":"binary-expr","locations":[{"start":{"line":33,"column":17},"end":{"line":33,"column":29}},{"start":{"line":33,"column":33},"end":{"line":33,"column":46}}],"line":33},"16":{"loc":{"start":{"line":37,"column":11},"end":{"line":39,"column":7}},"type":"if","locations":[{"start":{"line":37,"column":11},"end":{"line":39,"column":7}},{"start":{},"end":{}}],"line":37},"17":{"loc":{"start":{"line":37,"column":15},"end":{"line":37,"column":44}},"type":"binary-expr","locations":[{"start":{"line":37,"column":15},"end":{"line":37,"column":27}},{"start":{"line":37,"column":31},"end":{"line":37,"column":44}}],"line":37}},"s":{"0":12,"1":12,"2":12,"3":12,"4":4,"5":4,"6":1,"7":3,"8":1,"9":2,"10":1,"11":1,"12":7,"13":7,"14":7,"15":4,"16":1,"17":3,"18":1,"19":2,"20":1,"21":1,"22":3,"23":1,"24":2,"25":1,"26":1,"27":1,"28":1},"f":{"0":12},"b":{"0":[4,7,1],"1":[1,3],"2":[4,1],"3":[1,2],"4":[1,1],"5":[2,2],"6":[4,3],"7":[7,5],"8":[1,3],"9":[4,1],"10":[1,2],"11":[3,2],"12":[1,1],"13":[2,2],"14":[1,2],"15":[3,2],"16":[1,1],"17":[2,1]},"_coverageSchema":"1a1c01bbd47fc00a2c39e90264f33305004495a9","hash":"daa42ad9dfde57714fa3742d5f23263f4b9e912e"}
}
