TN:
SF:additionCalculator.js
FN:1,additionCalculator
FNF:1
FNH:1
FNDA:12,additionCalculator
DA:2,12
DA:3,12
DA:5,12
DA:6,12
DA:8,4
DA:9,4
DA:10,3
DA:11,1
DA:13,2
DA:14,1
DA:16,1
DA:20,7
DA:21,7
DA:22,7
DA:23,4
DA:24,1
DA:26,3
DA:27,1
DA:29,2
DA:30,1
DA:32,1
DA:33,3
DA:34,1
DA:37,2
DA:38,1
DA:40,1
DA:43,1
DA:46,1
LF:28
LH:28
BRDA:6,0,0,4
BRDA:6,0,1,7
BRDA:6,0,2,1
BRDA:9,1,0,1
BRDA:9,1,1,3
BRDA:9,2,0,4
BRDA:9,2,1,1
BRDA:10,3,0,1
BRDA:10,3,1,2
BRDA:13,4,0,1
BRDA:13,4,1,1
BRDA:13,5,0,2
BRDA:13,5,1,2
BRDA:22,6,0,4
BRDA:22,6,1,3
BRDA:22,7,0,7
BRDA:22,7,1,5
BRDA:23,8,0,1
BRDA:23,8,1,3
BRDA:23,9,0,4
BRDA:23,9,1,1
BRDA:26,10,0,1
BRDA:26,10,1,2
BRDA:26,11,0,3
BRDA:26,11,1,2
BRDA:29,12,0,1
BRDA:29,12,1,1
BRDA:29,13,0,2
BRDA:29,13,1,2
BRDA:33,14,0,1
BRDA:33,14,1,2
BRDA:33,15,0,3
BRDA:33,15,1,2
BRDA:37,16,0,1
BRDA:37,16,1,1
BRDA:37,17,0,2
BRDA:37,17,1,1
BRF:37
BRH:37
end_of_record
